i:\cstutorial\cprog\command\x64\debug\vc143.pdb
i:\cstutorial\cprog\command\x64\debug\vc143.idb
i:\cstutorial\cprog\command\x64\debug\source.obj
i:\cstutorial\cprog\command\x64\debug\main10.obj
i:\cstutorial\cprog\command\x64\debug\awhstring.obj
i:\cstutorial\cprog\command\x64\debug\main9.obj
i:\cstutorial\cprog\command\x64\debug\main8.obj
i:\cstutorial\cprog\command\x64\debug\main7.obj
i:\cstutorial\cprog\command\x64\debug\main6.obj
i:\cstutorial\cprog\command\x64\debug\main5.obj
i:\cstutorial\cprog\command\x64\debug\main4.obj
i:\cstutorial\cprog\command\x64\debug\return.obj
i:\cstutorial\cprog\command\x64\debug\size_of_array.obj
i:\cstutorial\cprog\command\x64\debug\command.obj
i:\cstutorial\cprog\command\x64\debug\command.exe
i:\cstutorial\cprog\command\x64\debug\command.ilk
i:\cstutorial\cprog\command\x64\debug\command.pdb
i:\cstutorial\cprog\command\x64\debug\command.tlog\cl.command.1.tlog
i:\cstutorial\cprog\command\x64\debug\command.tlog\cl.read.1.tlog
i:\cstutorial\cprog\command\x64\debug\command.tlog\cl.write.1.tlog
i:\cstutorial\cprog\command\x64\debug\command.tlog\link.command.1.tlog
i:\cstutorial\cprog\command\x64\debug\command.tlog\link.read.1.tlog
i:\cstutorial\cprog\command\x64\debug\command.tlog\link.write.1.tlog
