e:\cstutorial\c2023\helloworld2003\x64\debug\vc143.pdb
e:\cstutorial\c2023\helloworld2003\x64\debug\vc143.idb
e:\cstutorial\c2023\helloworld2003\x64\debug\intro.obj
e:\cstutorial\c2023\helloworld2003\x64\debug\source.obj
e:\cstutorial\c2023\helloworld2003\x64\debug\gold.obj
e:\cstutorial\c2023\helloworld2003\x64\debug\lucky.obj
e:\cstutorial\c2023\helloworld2003\x64\debug\check_int.obj
e:\cstutorial\c2023\helloworld2003\x64\debug\bmi.obj
e:\cstutorial\c2023\helloworld2003\x64\debug\recur.obj
e:\cstutorial\c2023\helloworld2003\x64\debug\area.obj
e:\cstutorial\c2023\helloworld2003\x64\debug\helloworld2003.exe
e:\cstutorial\c2023\helloworld2003\x64\debug\helloworld2003.ilk
e:\cstutorial\c2023\helloworld2003\x64\debug\helloworld2003.pdb
e:\cstutorial\c2023\helloworld2003\x64\debug\source.obj.enc
e:\cstutorial\c2023\helloworld2003\x64\debug\helloworld2003.tlog\cl.command.1.tlog
e:\cstutorial\c2023\helloworld2003\x64\debug\helloworld2003.tlog\cl.read.1.tlog
e:\cstutorial\c2023\helloworld2003\x64\debug\helloworld2003.tlog\cl.write.1.tlog
e:\cstutorial\c2023\helloworld2003\x64\debug\helloworld2003.tlog\link.25936-cvtres.read.1.tlog
e:\cstutorial\c2023\helloworld2003\x64\debug\helloworld2003.tlog\link.25936-cvtres.write.1.tlog
e:\cstutorial\c2023\helloworld2003\x64\debug\helloworld2003.tlog\link.25936-rc.read.1.tlog
e:\cstutorial\c2023\helloworld2003\x64\debug\helloworld2003.tlog\link.25936-rc.write.1.tlog
e:\cstutorial\c2023\helloworld2003\x64\debug\helloworld2003.tlog\link.25936.read.1.tlog
e:\cstutorial\c2023\helloworld2003\x64\debug\helloworld2003.tlog\link.25936.read.2.tlog
e:\cstutorial\c2023\helloworld2003\x64\debug\helloworld2003.tlog\link.25936.write.1.tlog
e:\cstutorial\c2023\helloworld2003\x64\debug\helloworld2003.tlog\link.command.1.tlog
e:\cstutorial\c2023\helloworld2003\x64\debug\helloworld2003.tlog\link.read.1.tlog
e:\cstutorial\c2023\helloworld2003\x64\debug\helloworld2003.tlog\link.write.1.tlog
